<?xml version="1.0" encoding="UTF-8"?>
<!-- Generated by org.testng.reporters.JUnitReportReporter -->
<testsuite hostname="DESKTOP-NTJICA5" failures="0" tests="1" name="com.crm.qa.testcases.verifyLoginPageTest" time="44.057" errors="0" timestamp="26 Mar 2020 15:48:48 GMT" skipped="0">
  <testcase classname="com.crm.qa.testcases.verifyLoginPageTest" name="verifyTitleTest" time="44.057"/>
</testsuite> <!-- com.crm.qa.testcases.verifyLoginPageTest -->
