<?xml version="1.0" encoding="UTF-8"?>
<!-- Generated by org.testng.reporters.JUnitReportReporter -->
<testsuite hostname="DESKTOP-NTJICA5" failures="0" tests="3" name="com.crm.qa.testcases.Verify_CreateNewContact" time="138.678" errors="0" timestamp="01 Apr 2020 12:33:50 GMT" skipped="0">
  <testcase classname="com.crm.qa.testcases.Verify_CreateNewContact" name="createNewAccount" time="49.267"/>
  <testcase classname="com.crm.qa.testcases.Verify_CreateNewContact" name="createNewAccount" time="45.534"/>
  <testcase classname="com.crm.qa.testcases.Verify_CreateNewContact" name="createNewAccount" time="43.877"/>
</testsuite> <!-- com.crm.qa.testcases.Verify_CreateNewContact -->
