<?xml version="1.0" encoding="UTF-8"?>
<!-- Generated by org.testng.reporters.JUnitReportReporter -->
<testsuite hostname="DESKTOP-NTJICA5" failures="0" tests="2" name="com.crm.qa.testcases.verifyHomePageTest" time="58.573" errors="0" timestamp="26 Mar 2020 15:48:48 GMT" skipped="0">
  <testcase classname="com.crm.qa.testcases.verifyHomePageTest" name="verifyTitleTest" time="30.147"/>
  <testcase classname="com.crm.qa.testcases.verifyHomePageTest" name="verifyUserNameLabel" time="28.426"/>
</testsuite> <!-- com.crm.qa.testcases.verifyHomePageTest -->
